<html>
<head>
<title>TestNG:  Test</title>
<link href="../testng.css" rel="stylesheet" type="text/css" />
<link href="../my-testng.css" rel="stylesheet" type="text/css" />

<style type="text/css">
.log { display: none;} 
.stack-trace { display: none;} 
</style>
<script type="text/javascript">
<!--
function flip(e) {
  current = e.style.display;
  if (current == 'block') {
    e.style.display = 'none';
    return 0;
  }
  else {
    e.style.display = 'block';
    return 1;
  }
}

function toggleBox(szDivId, elem, msg1, msg2)
{
  var res = -1;  if (document.getElementById) {
    res = flip(document.getElementById(szDivId));
  }
  else if (document.all) {
    // this is the way old msie versions work
    res = flip(document.all[szDivId]);
  }
  if(elem) {
    if(res == 0) elem.innerHTML = msg1; else elem.innerHTML = msg2;
  }

}

function toggleAllBoxes() {
  if (document.getElementsByTagName) {
    d = document.getElementsByTagName('div');
    for (i = 0; i < d.length; i++) {
      if (d[i].className == 'log') {
        flip(d[i]);
      }
    }
  }
}

// -->
</script>

</head>
<body>
<h2 align='center'>Test</h2><table border='1' align="center">
<tr>
<td>Tests passed/Failed/Skipped:</td><td>0/11/0</td>
</tr><tr>
<td>Started on:</td><td>Sat Sep 15 21:35:12 IST 2018</td>
</tr>
<tr><td>Total time:</td><td>151 seconds (151532 ms)</td>
</tr><tr>
<td>Included groups:</td><td></td>
</tr><tr>
<td>Excluded groups:</td><td></td>
</tr>
</table><p/>
<small><i>(Hover the method name to see the test class name)</i></small><p/>
<table width='100%' border='1' class='invocation-failed'>
<tr><td colspan='4' align='center'><b>FAILED TESTS</b></td></tr>
<tr><td><b>Test method</b></td>
<td width="30%"><b>Exception</b></td>
<td width="10%"><b>Time (seconds)</b></td>
<td><b>Instance</b></td>
</tr>
<tr>
<td title='testcases.TestCase_2.Hotel_Booking()'><b>Hotel_Booking</b><br>Test class: testcases.TestCase_2<br>Parameters: New Delhi, 11, 11, 4, Insufficient Availability... For The Given CheckInTime/CheckOutTime</td>
<td><div><pre>java.lang.NullPointerException
	at utils.Reporter.reportStep(Reporter.java:27)
	at wrappers.GenericWrappers.invokeApp(GenericWrappers.java:116)
	at testcases.TestCase_2.Hotel_Booking(TestCase_2.java:12)
... Removed 24 stack frames</pre></div><a href='#' onClick='toggleBox("stack-trace28542609", this, "Click to show all stack frames", "Click to hide stack frames")'>Click to show all stack frames</a>
<div class='stack-trace' id='stack-trace28542609'><pre>java.lang.NullPointerException
	at utils.Reporter.reportStep(Reporter.java:27)
	at wrappers.GenericWrappers.invokeApp(GenericWrappers.java:116)
	at testcases.TestCase_2.Hotel_Booking(TestCase_2.java:12)
	at sun.reflect.NativeMethodAccessorImpl.invoke0(Native Method)
	at sun.reflect.NativeMethodAccessorImpl.invoke(Unknown Source)
	at sun.reflect.DelegatingMethodAccessorImpl.invoke(Unknown Source)
	at java.lang.reflect.Method.invoke(Unknown Source)
	at org.testng.internal.MethodInvocationHelper.invokeMethod(MethodInvocationHelper.java:85)
	at org.testng.internal.Invoker.invokeMethod(Invoker.java:639)
	at org.testng.internal.Invoker.invokeTestMethod(Invoker.java:816)
	at org.testng.internal.Invoker.invokeTestMethods(Invoker.java:1124)
	at org.testng.internal.TestMethodWorker.invokeTestMethods(TestMethodWorker.java:124)
	at org.testng.internal.TestMethodWorker.run(TestMethodWorker.java:108)
	at org.testng.TestRunner.privateRun(TestRunner.java:773)
	at org.testng.TestRunner.run(TestRunner.java:623)
	at org.testng.SuiteRunner.runTest(SuiteRunner.java:359)
	at org.testng.SuiteRunner.runSequentially(SuiteRunner.java:354)
	at org.testng.SuiteRunner.privateRun(SuiteRunner.java:312)
	at org.testng.SuiteRunner.run(SuiteRunner.java:261)
	at org.testng.SuiteRunnerWorker.runSuite(SuiteRunnerWorker.java:52)
	at org.testng.SuiteRunnerWorker.run(SuiteRunnerWorker.java:86)
	at org.testng.TestNG.runSuitesSequentially(TestNG.java:1185)
	at org.testng.TestNG.runSuitesLocally(TestNG.java:1110)
	at org.testng.TestNG.run(TestNG.java:1018)
	at org.testng.remote.RemoteTestNG.run(RemoteTestNG.java:112)
	at org.testng.remote.RemoteTestNG.initAndRun(RemoteTestNG.java:205)
	at org.testng.remote.RemoteTestNG.main(RemoteTestNG.java:176)
</pre></div></td>
<td>24</td>
<td>testcases.TestCase_2@17e1986</td></tr>
<tr>
<td title='testcases.TestCase_2.Hotel_Booking()'><b>Hotel_Booking</b><br>Test class: testcases.TestCase_2<br>Parameters: Vijayawada, 9, 9, 4, Insufficient Availability... For The Given CheckInTime/CheckOutTime</td>
<td><div><pre>java.lang.NullPointerException
	at utils.Reporter.reportStep(Reporter.java:27)
	at wrappers.GenericWrappers.invokeApp(GenericWrappers.java:116)
	at testcases.TestCase_2.Hotel_Booking(TestCase_2.java:12)
... Removed 24 stack frames</pre></div><a href='#' onClick='toggleBox("stack-trace33042040", this, "Click to show all stack frames", "Click to hide stack frames")'>Click to show all stack frames</a>
<div class='stack-trace' id='stack-trace33042040'><pre>java.lang.NullPointerException
	at utils.Reporter.reportStep(Reporter.java:27)
	at wrappers.GenericWrappers.invokeApp(GenericWrappers.java:116)
	at testcases.TestCase_2.Hotel_Booking(TestCase_2.java:12)
	at sun.reflect.NativeMethodAccessorImpl.invoke0(Native Method)
	at sun.reflect.NativeMethodAccessorImpl.invoke(Unknown Source)
	at sun.reflect.DelegatingMethodAccessorImpl.invoke(Unknown Source)
	at java.lang.reflect.Method.invoke(Unknown Source)
	at org.testng.internal.MethodInvocationHelper.invokeMethod(MethodInvocationHelper.java:85)
	at org.testng.internal.Invoker.invokeMethod(Invoker.java:639)
	at org.testng.internal.Invoker.invokeTestMethod(Invoker.java:816)
	at org.testng.internal.Invoker.invokeTestMethods(Invoker.java:1124)
	at org.testng.internal.TestMethodWorker.invokeTestMethods(TestMethodWorker.java:124)
	at org.testng.internal.TestMethodWorker.run(TestMethodWorker.java:108)
	at org.testng.TestRunner.privateRun(TestRunner.java:773)
	at org.testng.TestRunner.run(TestRunner.java:623)
	at org.testng.SuiteRunner.runTest(SuiteRunner.java:359)
	at org.testng.SuiteRunner.runSequentially(SuiteRunner.java:354)
	at org.testng.SuiteRunner.privateRun(SuiteRunner.java:312)
	at org.testng.SuiteRunner.run(SuiteRunner.java:261)
	at org.testng.SuiteRunnerWorker.runSuite(SuiteRunnerWorker.java:52)
	at org.testng.SuiteRunnerWorker.run(SuiteRunnerWorker.java:86)
	at org.testng.TestNG.runSuitesSequentially(TestNG.java:1185)
	at org.testng.TestNG.runSuitesLocally(TestNG.java:1110)
	at org.testng.TestNG.run(TestNG.java:1018)
	at org.testng.remote.RemoteTestNG.run(RemoteTestNG.java:112)
	at org.testng.remote.RemoteTestNG.initAndRun(RemoteTestNG.java:205)
	at org.testng.remote.RemoteTestNG.main(RemoteTestNG.java:176)
</pre></div></td>
<td>17</td>
<td>testcases.TestCase_2@17e1986</td></tr>
<tr>
<td title='testcases.TestCase_2.Hotel_Booking()'><b>Hotel_Booking</b><br>Test class: testcases.TestCase_2<br>Parameters: Vishakapatnam, 12, 12, 4, Insufficient Availability... For The Given CheckInTime/CheckOutTime</td>
<td><div><pre>java.lang.NullPointerException
	at utils.Reporter.reportStep(Reporter.java:27)
	at wrappers.GenericWrappers.invokeApp(GenericWrappers.java:116)
	at testcases.TestCase_2.Hotel_Booking(TestCase_2.java:12)
... Removed 24 stack frames</pre></div><a href='#' onClick='toggleBox("stack-trace8548193", this, "Click to show all stack frames", "Click to hide stack frames")'>Click to show all stack frames</a>
<div class='stack-trace' id='stack-trace8548193'><pre>java.lang.NullPointerException
	at utils.Reporter.reportStep(Reporter.java:27)
	at wrappers.GenericWrappers.invokeApp(GenericWrappers.java:116)
	at testcases.TestCase_2.Hotel_Booking(TestCase_2.java:12)
	at sun.reflect.NativeMethodAccessorImpl.invoke0(Native Method)
	at sun.reflect.NativeMethodAccessorImpl.invoke(Unknown Source)
	at sun.reflect.DelegatingMethodAccessorImpl.invoke(Unknown Source)
	at java.lang.reflect.Method.invoke(Unknown Source)
	at org.testng.internal.MethodInvocationHelper.invokeMethod(MethodInvocationHelper.java:85)
	at org.testng.internal.Invoker.invokeMethod(Invoker.java:639)
	at org.testng.internal.Invoker.invokeTestMethod(Invoker.java:816)
	at org.testng.internal.Invoker.invokeTestMethods(Invoker.java:1124)
	at org.testng.internal.TestMethodWorker.invokeTestMethods(TestMethodWorker.java:124)
	at org.testng.internal.TestMethodWorker.run(TestMethodWorker.java:108)
	at org.testng.TestRunner.privateRun(TestRunner.java:773)
	at org.testng.TestRunner.run(TestRunner.java:623)
	at org.testng.SuiteRunner.runTest(SuiteRunner.java:359)
	at org.testng.SuiteRunner.runSequentially(SuiteRunner.java:354)
	at org.testng.SuiteRunner.privateRun(SuiteRunner.java:312)
	at org.testng.SuiteRunner.run(SuiteRunner.java:261)
	at org.testng.SuiteRunnerWorker.runSuite(SuiteRunnerWorker.java:52)
	at org.testng.SuiteRunnerWorker.run(SuiteRunnerWorker.java:86)
	at org.testng.TestNG.runSuitesSequentially(TestNG.java:1185)
	at org.testng.TestNG.runSuitesLocally(TestNG.java:1110)
	at org.testng.TestNG.run(TestNG.java:1018)
	at org.testng.remote.RemoteTestNG.run(RemoteTestNG.java:112)
	at org.testng.remote.RemoteTestNG.initAndRun(RemoteTestNG.java:205)
	at org.testng.remote.RemoteTestNG.main(RemoteTestNG.java:176)
</pre></div></td>
<td>47</td>
<td>testcases.TestCase_2@17e1986</td></tr>
<tr>
<td title='testcases.Testcase_4.IRCTC_Cab_withPNR()'><b>IRCTC_Cab_withPNR</b><br>Test class: testcases.Testcase_4</td>
<td><div><pre>org.testng.TestNGException: 
The data provider is trying to pass 1 parameters but the method testcases.Testcase_4#IRCTC_Cab_withPNR takes 2 and TestNG is unable in inject a suitable object
Caused by: java.lang.ArrayIndexOutOfBoundsException: 1
	... 17 more
... Removed 19 stack frames</pre></div><a href='#' onClick='toggleBox("stack-trace5995540", this, "Click to show all stack frames", "Click to hide stack frames")'>Click to show all stack frames</a>
<div class='stack-trace' id='stack-trace5995540'><pre>org.testng.TestNGException: 
The data provider is trying to pass 1 parameters but the method testcases.Testcase_4#IRCTC_Cab_withPNR takes 2 and TestNG is unable in inject a suitable object
	at org.testng.internal.Invoker.injectParameters(Invoker.java:1247)
	at org.testng.internal.Invoker.invokeTestMethods(Invoker.java:1118)
	at org.testng.internal.TestMethodWorker.invokeTestMethods(TestMethodWorker.java:124)
	at org.testng.internal.TestMethodWorker.run(TestMethodWorker.java:108)
	at org.testng.TestRunner.privateRun(TestRunner.java:773)
	at org.testng.TestRunner.run(TestRunner.java:623)
	at org.testng.SuiteRunner.runTest(SuiteRunner.java:359)
	at org.testng.SuiteRunner.runSequentially(SuiteRunner.java:354)
	at org.testng.SuiteRunner.privateRun(SuiteRunner.java:312)
	at org.testng.SuiteRunner.run(SuiteRunner.java:261)
	at org.testng.SuiteRunnerWorker.runSuite(SuiteRunnerWorker.java:52)
	at org.testng.SuiteRunnerWorker.run(SuiteRunnerWorker.java:86)
	at org.testng.TestNG.runSuitesSequentially(TestNG.java:1185)
	at org.testng.TestNG.runSuitesLocally(TestNG.java:1110)
	at org.testng.TestNG.run(TestNG.java:1018)
	at org.testng.remote.RemoteTestNG.run(RemoteTestNG.java:112)
	at org.testng.remote.RemoteTestNG.initAndRun(RemoteTestNG.java:205)
	at org.testng.remote.RemoteTestNG.main(RemoteTestNG.java:176)
Caused by: java.lang.ArrayIndexOutOfBoundsException: 1
	at org.testng.internal.Invoker.injectParameters(Invoker.java:1245)
	... 17 more
</pre></div></td>
<td>4</td>
<td>testcases.Testcase_4@1c78c0b</td></tr>
<tr>
<td title='testcases.TestCase_5.IRCTC_cab_WithoutPNR()'><b>IRCTC_cab_WithoutPNR</b><br>Test class: testcases.TestCase_5<br>Parameters: BILASPUR, BSP, 11, 30, Small Segment, Route D, area, Please Login To Continue...</td>
<td><div><pre>java.lang.NullPointerException
	at utils.Reporter.reportStep(Reporter.java:31)
	at wrappers.GenericWrappers.invokeApp(GenericWrappers.java:120)
	at testcases.TestCase_5.IRCTC_cab_WithoutPNR(TestCase_5.java:17)
... Removed 24 stack frames</pre></div><a href='#' onClick='toggleBox("stack-trace30656547", this, "Click to show all stack frames", "Click to hide stack frames")'>Click to show all stack frames</a>
<div class='stack-trace' id='stack-trace30656547'><pre>java.lang.NullPointerException
	at utils.Reporter.reportStep(Reporter.java:31)
	at wrappers.GenericWrappers.invokeApp(GenericWrappers.java:120)
	at testcases.TestCase_5.IRCTC_cab_WithoutPNR(TestCase_5.java:17)
	at sun.reflect.NativeMethodAccessorImpl.invoke0(Native Method)
	at sun.reflect.NativeMethodAccessorImpl.invoke(Unknown Source)
	at sun.reflect.DelegatingMethodAccessorImpl.invoke(Unknown Source)
	at java.lang.reflect.Method.invoke(Unknown Source)
	at org.testng.internal.MethodInvocationHelper.invokeMethod(MethodInvocationHelper.java:85)
	at org.testng.internal.Invoker.invokeMethod(Invoker.java:639)
	at org.testng.internal.Invoker.invokeTestMethod(Invoker.java:816)
	at org.testng.internal.Invoker.invokeTestMethods(Invoker.java:1124)
	at org.testng.internal.TestMethodWorker.invokeTestMethods(TestMethodWorker.java:124)
	at org.testng.internal.TestMethodWorker.run(TestMethodWorker.java:108)
	at org.testng.TestRunner.privateRun(TestRunner.java:773)
	at org.testng.TestRunner.run(TestRunner.java:623)
	at org.testng.SuiteRunner.runTest(SuiteRunner.java:359)
	at org.testng.SuiteRunner.runSequentially(SuiteRunner.java:354)
	at org.testng.SuiteRunner.privateRun(SuiteRunner.java:312)
	at org.testng.SuiteRunner.run(SuiteRunner.java:261)
	at org.testng.SuiteRunnerWorker.runSuite(SuiteRunnerWorker.java:52)
	at org.testng.SuiteRunnerWorker.run(SuiteRunnerWorker.java:86)
	at org.testng.TestNG.runSuitesSequentially(TestNG.java:1185)
	at org.testng.TestNG.runSuitesLocally(TestNG.java:1110)
	at org.testng.TestNG.run(TestNG.java:1018)
	at org.testng.remote.RemoteTestNG.run(RemoteTestNG.java:112)
	at org.testng.remote.RemoteTestNG.initAndRun(RemoteTestNG.java:205)
	at org.testng.remote.RemoteTestNG.main(RemoteTestNG.java:176)
</pre></div></td>
<td>9</td>
<td>testcases.TestCase_5@13f5a29</td></tr>
<tr>
<td title='testcases.TestCase_5.IRCTC_cab_WithoutPNR()'><b>IRCTC_cab_WithoutPNR</b><br>Test class: testcases.TestCase_5<br>Parameters: BILASPUR, BSP, 11, 30, Small Segment, Route A, area, Please Login To Continue...</td>
<td><div><pre>java.lang.NullPointerException
	at utils.Reporter.reportStep(Reporter.java:31)
	at wrappers.GenericWrappers.invokeApp(GenericWrappers.java:120)
	at testcases.TestCase_5.IRCTC_cab_WithoutPNR(TestCase_5.java:17)
... Removed 24 stack frames</pre></div><a href='#' onClick='toggleBox("stack-trace24077302", this, "Click to show all stack frames", "Click to hide stack frames")'>Click to show all stack frames</a>
<div class='stack-trace' id='stack-trace24077302'><pre>java.lang.NullPointerException
	at utils.Reporter.reportStep(Reporter.java:31)
	at wrappers.GenericWrappers.invokeApp(GenericWrappers.java:120)
	at testcases.TestCase_5.IRCTC_cab_WithoutPNR(TestCase_5.java:17)
	at sun.reflect.NativeMethodAccessorImpl.invoke0(Native Method)
	at sun.reflect.NativeMethodAccessorImpl.invoke(Unknown Source)
	at sun.reflect.DelegatingMethodAccessorImpl.invoke(Unknown Source)
	at java.lang.reflect.Method.invoke(Unknown Source)
	at org.testng.internal.MethodInvocationHelper.invokeMethod(MethodInvocationHelper.java:85)
	at org.testng.internal.Invoker.invokeMethod(Invoker.java:639)
	at org.testng.internal.Invoker.invokeTestMethod(Invoker.java:816)
	at org.testng.internal.Invoker.invokeTestMethods(Invoker.java:1124)
	at org.testng.internal.TestMethodWorker.invokeTestMethods(TestMethodWorker.java:124)
	at org.testng.internal.TestMethodWorker.run(TestMethodWorker.java:108)
	at org.testng.TestRunner.privateRun(TestRunner.java:773)
	at org.testng.TestRunner.run(TestRunner.java:623)
	at org.testng.SuiteRunner.runTest(SuiteRunner.java:359)
	at org.testng.SuiteRunner.runSequentially(SuiteRunner.java:354)
	at org.testng.SuiteRunner.privateRun(SuiteRunner.java:312)
	at org.testng.SuiteRunner.run(SuiteRunner.java:261)
	at org.testng.SuiteRunnerWorker.runSuite(SuiteRunnerWorker.java:52)
	at org.testng.SuiteRunnerWorker.run(SuiteRunnerWorker.java:86)
	at org.testng.TestNG.runSuitesSequentially(TestNG.java:1185)
	at org.testng.TestNG.runSuitesLocally(TestNG.java:1110)
	at org.testng.TestNG.run(TestNG.java:1018)
	at org.testng.remote.RemoteTestNG.run(RemoteTestNG.java:112)
	at org.testng.remote.RemoteTestNG.initAndRun(RemoteTestNG.java:205)
	at org.testng.remote.RemoteTestNG.main(RemoteTestNG.java:176)
</pre></div></td>
<td>9</td>
<td>testcases.TestCase_5@13f5a29</td></tr>
<tr>
<td title='testcases.TestCase_5.IRCTC_cab_WithoutPNR()'><b>IRCTC_cab_WithoutPNR</b><br>Test class: testcases.TestCase_5<br>Parameters: BILASPUR, BSP, 11, 30, Small Segment, Route B, area, Please Login To Continue...</td>
<td><div><pre>java.lang.NullPointerException
	at utils.Reporter.reportStep(Reporter.java:27)
	at wrappers.GenericWrappers.invokeApp(GenericWrappers.java:116)
	at testcases.TestCase_5.IRCTC_cab_WithoutPNR(TestCase_5.java:17)
... Removed 24 stack frames</pre></div><a href='#' onClick='toggleBox("stack-trace9232720", this, "Click to show all stack frames", "Click to hide stack frames")'>Click to show all stack frames</a>
<div class='stack-trace' id='stack-trace9232720'><pre>java.lang.NullPointerException
	at utils.Reporter.reportStep(Reporter.java:27)
	at wrappers.GenericWrappers.invokeApp(GenericWrappers.java:116)
	at testcases.TestCase_5.IRCTC_cab_WithoutPNR(TestCase_5.java:17)
	at sun.reflect.NativeMethodAccessorImpl.invoke0(Native Method)
	at sun.reflect.NativeMethodAccessorImpl.invoke(Unknown Source)
	at sun.reflect.DelegatingMethodAccessorImpl.invoke(Unknown Source)
	at java.lang.reflect.Method.invoke(Unknown Source)
	at org.testng.internal.MethodInvocationHelper.invokeMethod(MethodInvocationHelper.java:85)
	at org.testng.internal.Invoker.invokeMethod(Invoker.java:639)
	at org.testng.internal.Invoker.invokeTestMethod(Invoker.java:816)
	at org.testng.internal.Invoker.invokeTestMethods(Invoker.java:1124)
	at org.testng.internal.TestMethodWorker.invokeTestMethods(TestMethodWorker.java:124)
	at org.testng.internal.TestMethodWorker.run(TestMethodWorker.java:108)
	at org.testng.TestRunner.privateRun(TestRunner.java:773)
	at org.testng.TestRunner.run(TestRunner.java:623)
	at org.testng.SuiteRunner.runTest(SuiteRunner.java:359)
	at org.testng.SuiteRunner.runSequentially(SuiteRunner.java:354)
	at org.testng.SuiteRunner.privateRun(SuiteRunner.java:312)
	at org.testng.SuiteRunner.run(SuiteRunner.java:261)
	at org.testng.SuiteRunnerWorker.runSuite(SuiteRunnerWorker.java:52)
	at org.testng.SuiteRunnerWorker.run(SuiteRunnerWorker.java:86)
	at org.testng.TestNG.runSuitesSequentially(TestNG.java:1185)
	at org.testng.TestNG.runSuitesLocally(TestNG.java:1110)
	at org.testng.TestNG.run(TestNG.java:1018)
	at org.testng.remote.RemoteTestNG.run(RemoteTestNG.java:112)
	at org.testng.remote.RemoteTestNG.initAndRun(RemoteTestNG.java:205)
	at org.testng.remote.RemoteTestNG.main(RemoteTestNG.java:176)
</pre></div></td>
<td>5</td>
<td>testcases.TestCase_5@13f5a29</td></tr>
<tr>
<td title='testcases.TestCase_3.NVSP_form()'><b>NVSP_form</b><br>Test class: testcases.TestCase_3</td>
<td><div><pre>org.testng.TestNGException: 
The data provider is trying to pass 29 parameters but the method testcases.TestCase_3#NVSP_form takes 34 and TestNG is unable in inject a suitable object
Caused by: java.lang.ArrayIndexOutOfBoundsException: 29
	... 17 more
... Removed 19 stack frames</pre></div><a href='#' onClick='toggleBox("stack-trace1020003", this, "Click to show all stack frames", "Click to hide stack frames")'>Click to show all stack frames</a>
<div class='stack-trace' id='stack-trace1020003'><pre>org.testng.TestNGException: 
The data provider is trying to pass 29 parameters but the method testcases.TestCase_3#NVSP_form takes 34 and TestNG is unable in inject a suitable object
	at org.testng.internal.Invoker.injectParameters(Invoker.java:1247)
	at org.testng.internal.Invoker.invokeTestMethods(Invoker.java:1118)
	at org.testng.internal.TestMethodWorker.invokeTestMethods(TestMethodWorker.java:124)
	at org.testng.internal.TestMethodWorker.run(TestMethodWorker.java:108)
	at org.testng.TestRunner.privateRun(TestRunner.java:773)
	at org.testng.TestRunner.run(TestRunner.java:623)
	at org.testng.SuiteRunner.runTest(SuiteRunner.java:359)
	at org.testng.SuiteRunner.runSequentially(SuiteRunner.java:354)
	at org.testng.SuiteRunner.privateRun(SuiteRunner.java:312)
	at org.testng.SuiteRunner.run(SuiteRunner.java:261)
	at org.testng.SuiteRunnerWorker.runSuite(SuiteRunnerWorker.java:52)
	at org.testng.SuiteRunnerWorker.run(SuiteRunnerWorker.java:86)
	at org.testng.TestNG.runSuitesSequentially(TestNG.java:1185)
	at org.testng.TestNG.runSuitesLocally(TestNG.java:1110)
	at org.testng.TestNG.run(TestNG.java:1018)
	at org.testng.remote.RemoteTestNG.run(RemoteTestNG.java:112)
	at org.testng.remote.RemoteTestNG.initAndRun(RemoteTestNG.java:205)
	at org.testng.remote.RemoteTestNG.main(RemoteTestNG.java:176)
Caused by: java.lang.ArrayIndexOutOfBoundsException: 29
	at org.testng.internal.Invoker.injectParameters(Invoker.java:1245)
	... 17 more
</pre></div></td>
<td>0</td>
<td>testcases.TestCase_3@f67b76</td></tr>
<tr>
<td title='testcases.TestCase_1.irctcsignup()'><b>irctcsignup</b><br>Test class: testcases.TestCase_1<br>Parameters: liberty, test, test, 0, dog, en, Liberty, Testing, center, 05, 0, 1997, SelfEmployed, 1234567890, 1234567890, 94, lts@gmail.com, 8520040327, 94, 4-164/a, karapakam, karapakam, 600119, 1, 2, 8520040327</td>
<td><div><pre>java.lang.NullPointerException
	at utils.Reporter.reportStep(Reporter.java:31)
	at wrappers.GenericWrappers.invokeApp(GenericWrappers.java:120)
	at testcases.TestCase_1.irctcsignup(TestCase_1.java:18)
... Removed 24 stack frames</pre></div><a href='#' onClick='toggleBox("stack-trace20342316", this, "Click to show all stack frames", "Click to hide stack frames")'>Click to show all stack frames</a>
<div class='stack-trace' id='stack-trace20342316'><pre>java.lang.NullPointerException
	at utils.Reporter.reportStep(Reporter.java:31)
	at wrappers.GenericWrappers.invokeApp(GenericWrappers.java:120)
	at testcases.TestCase_1.irctcsignup(TestCase_1.java:18)
	at sun.reflect.NativeMethodAccessorImpl.invoke0(Native Method)
	at sun.reflect.NativeMethodAccessorImpl.invoke(Unknown Source)
	at sun.reflect.DelegatingMethodAccessorImpl.invoke(Unknown Source)
	at java.lang.reflect.Method.invoke(Unknown Source)
	at org.testng.internal.MethodInvocationHelper.invokeMethod(MethodInvocationHelper.java:85)
	at org.testng.internal.Invoker.invokeMethod(Invoker.java:639)
	at org.testng.internal.Invoker.invokeTestMethod(Invoker.java:816)
	at org.testng.internal.Invoker.invokeTestMethods(Invoker.java:1124)
	at org.testng.internal.TestMethodWorker.invokeTestMethods(TestMethodWorker.java:124)
	at org.testng.internal.TestMethodWorker.run(TestMethodWorker.java:108)
	at org.testng.TestRunner.privateRun(TestRunner.java:773)
	at org.testng.TestRunner.run(TestRunner.java:623)
	at org.testng.SuiteRunner.runTest(SuiteRunner.java:359)
	at org.testng.SuiteRunner.runSequentially(SuiteRunner.java:354)
	at org.testng.SuiteRunner.privateRun(SuiteRunner.java:312)
	at org.testng.SuiteRunner.run(SuiteRunner.java:261)
	at org.testng.SuiteRunnerWorker.runSuite(SuiteRunnerWorker.java:52)
	at org.testng.SuiteRunnerWorker.run(SuiteRunnerWorker.java:86)
	at org.testng.TestNG.runSuitesSequentially(TestNG.java:1185)
	at org.testng.TestNG.runSuitesLocally(TestNG.java:1110)
	at org.testng.TestNG.run(TestNG.java:1018)
	at org.testng.remote.RemoteTestNG.run(RemoteTestNG.java:112)
	at org.testng.remote.RemoteTestNG.initAndRun(RemoteTestNG.java:205)
	at org.testng.remote.RemoteTestNG.main(RemoteTestNG.java:176)
</pre></div></td>
<td>10</td>
<td>testcases.TestCase_1@1560810</td></tr>
<tr>
<td title='testcases.TestCase_1.irctcsignup()'><b>irctcsignup</b><br>Test class: testcases.TestCase_1<br>Parameters: harish, test1, test1, 0, cat, en, Harish, , Chidere, 05, 0, 1997, SelfEmployed, 1234567809, 1234567809, 94, 12345@gmail.com, 8341029562, 94, 5-164/a, vidhyanagar colony, vidhyanagar colony, 509375, 1, 3, 8341029562</td>
<td><div><pre>java.lang.NullPointerException
	at utils.Reporter.reportStep(Reporter.java:31)
	at wrappers.GenericWrappers.invokeApp(GenericWrappers.java:120)
	at testcases.TestCase_1.irctcsignup(TestCase_1.java:18)
... Removed 24 stack frames</pre></div><a href='#' onClick='toggleBox("stack-trace13364068", this, "Click to show all stack frames", "Click to hide stack frames")'>Click to show all stack frames</a>
<div class='stack-trace' id='stack-trace13364068'><pre>java.lang.NullPointerException
	at utils.Reporter.reportStep(Reporter.java:31)
	at wrappers.GenericWrappers.invokeApp(GenericWrappers.java:120)
	at testcases.TestCase_1.irctcsignup(TestCase_1.java:18)
	at sun.reflect.NativeMethodAccessorImpl.invoke0(Native Method)
	at sun.reflect.NativeMethodAccessorImpl.invoke(Unknown Source)
	at sun.reflect.DelegatingMethodAccessorImpl.invoke(Unknown Source)
	at java.lang.reflect.Method.invoke(Unknown Source)
	at org.testng.internal.MethodInvocationHelper.invokeMethod(MethodInvocationHelper.java:85)
	at org.testng.internal.Invoker.invokeMethod(Invoker.java:639)
	at org.testng.internal.Invoker.invokeTestMethod(Invoker.java:816)
	at org.testng.internal.Invoker.invokeTestMethods(Invoker.java:1124)
	at org.testng.internal.TestMethodWorker.invokeTestMethods(TestMethodWorker.java:124)
	at org.testng.internal.TestMethodWorker.run(TestMethodWorker.java:108)
	at org.testng.TestRunner.privateRun(TestRunner.java:773)
	at org.testng.TestRunner.run(TestRunner.java:623)
	at org.testng.SuiteRunner.runTest(SuiteRunner.java:359)
	at org.testng.SuiteRunner.runSequentially(SuiteRunner.java:354)
	at org.testng.SuiteRunner.privateRun(SuiteRunner.java:312)
	at org.testng.SuiteRunner.run(SuiteRunner.java:261)
	at org.testng.SuiteRunnerWorker.runSuite(SuiteRunnerWorker.java:52)
	at org.testng.SuiteRunnerWorker.run(SuiteRunnerWorker.java:86)
	at org.testng.TestNG.runSuitesSequentially(TestNG.java:1185)
	at org.testng.TestNG.runSuitesLocally(TestNG.java:1110)
	at org.testng.TestNG.run(TestNG.java:1018)
	at org.testng.remote.RemoteTestNG.run(RemoteTestNG.java:112)
	at org.testng.remote.RemoteTestNG.initAndRun(RemoteTestNG.java:205)
	at org.testng.remote.RemoteTestNG.main(RemoteTestNG.java:176)
</pre></div></td>
<td>16</td>
<td>testcases.TestCase_1@1560810</td></tr>
<tr>
<td title='testcases.TestCase_1.irctcsignup()'><b>irctcsignup</b><br>Test class: testcases.TestCase_1<br>Parameters: girish, test2, test2, 0, rat, en, Gireesh, Gudla, Sabari, 05, 0, 1997, SelfEmployed, 1234567590, 1234567590, 94, maggie@gmail.com, 8341040327, 94, 6-164/a, srikaklulam, srikaklulam, 532440, 1, 15, 8341040327</td>
<td><div><pre>java.lang.NullPointerException
	at utils.Reporter.reportStep(Reporter.java:27)
	at wrappers.GenericWrappers.invokeApp(GenericWrappers.java:116)
	at testcases.TestCase_1.irctcsignup(TestCase_1.java:18)
... Removed 24 stack frames</pre></div><a href='#' onClick='toggleBox("stack-trace28172796", this, "Click to show all stack frames", "Click to hide stack frames")'>Click to show all stack frames</a>
<div class='stack-trace' id='stack-trace28172796'><pre>java.lang.NullPointerException
	at utils.Reporter.reportStep(Reporter.java:27)
	at wrappers.GenericWrappers.invokeApp(GenericWrappers.java:116)
	at testcases.TestCase_1.irctcsignup(TestCase_1.java:18)
	at sun.reflect.NativeMethodAccessorImpl.invoke0(Native Method)
	at sun.reflect.NativeMethodAccessorImpl.invoke(Unknown Source)
	at sun.reflect.DelegatingMethodAccessorImpl.invoke(Unknown Source)
	at java.lang.reflect.Method.invoke(Unknown Source)
	at org.testng.internal.MethodInvocationHelper.invokeMethod(MethodInvocationHelper.java:85)
	at org.testng.internal.Invoker.invokeMethod(Invoker.java:639)
	at org.testng.internal.Invoker.invokeTestMethod(Invoker.java:816)
	at org.testng.internal.Invoker.invokeTestMethods(Invoker.java:1124)
	at org.testng.internal.TestMethodWorker.invokeTestMethods(TestMethodWorker.java:124)
	at org.testng.internal.TestMethodWorker.run(TestMethodWorker.java:108)
	at org.testng.TestRunner.privateRun(TestRunner.java:773)
	at org.testng.TestRunner.run(TestRunner.java:623)
	at org.testng.SuiteRunner.runTest(SuiteRunner.java:359)
	at org.testng.SuiteRunner.runSequentially(SuiteRunner.java:354)
	at org.testng.SuiteRunner.privateRun(SuiteRunner.java:312)
	at org.testng.SuiteRunner.run(SuiteRunner.java:261)
	at org.testng.SuiteRunnerWorker.runSuite(SuiteRunnerWorker.java:52)
	at org.testng.SuiteRunnerWorker.run(SuiteRunnerWorker.java:86)
	at org.testng.TestNG.runSuitesSequentially(TestNG.java:1185)
	at org.testng.TestNG.runSuitesLocally(TestNG.java:1110)
	at org.testng.TestNG.run(TestNG.java:1018)
	at org.testng.remote.RemoteTestNG.run(RemoteTestNG.java:112)
	at org.testng.remote.RemoteTestNG.initAndRun(RemoteTestNG.java:205)
	at org.testng.remote.RemoteTestNG.main(RemoteTestNG.java:176)
</pre></div></td>
<td>5</td>
<td>testcases.TestCase_1@1560810</td></tr>
</table><p>
</body>
</html>